Arguments: 
  /usr/local/bin/node /usr/local/bin/yarn add taro-ui --silent --no-progress

PATH: 
  /usr/local/lib/node_modules/npm/node_modules/npm-lifecycle/node-gyp-bin:/Users/lxl/Documents/taro/project/Miai/node_modules/.bin:/usr/local/lib/node_modules/cnpm/node_modules/npm/node_modules/npm-lifecycle/node-gyp-bin:/Users/lxl/Documents/taro/project/Miai/node_modules/.bin:/Applications/MAMP/bin/php/php7.0.12/bin:/Library/Frameworks/Python.framework/Versions/3.7/lib/python3.7/site-packages/django/bin:/Library/Frameworks/Python.framework/Versions/2.7/bin:/Users/lxl/Documents/flutter/bin:/usr/local/bin:/usr/bin:/bin:/usr/sbin:/sbin:/Applications/Wireshark.app/Contents/MacOS:/Users/lxl/anaconda3/bin:/Applications/MAMP/bin/php/php7.0.12/bin:/Library/Frameworks/Python.framework/Versions/3.7/lib/python3.7/site-packages/django/bin:/Library/Frameworks/Python.framework/Versions/2.7/bin:/Users/lxl/Documents/flutter/bin:/Users/lxl/Documents/db/mongodb/bin:/Users/lxl/Library/Android/sdk/tools:/Users/lxl/Library/Android/sdk/platform-tools:/Users/lxl/.gradle/wrapper/dists/gradle-2.14.1-all/8bnwg5hd3w55iofp58khbp6yv/gradle-2.14.1/bin:/Users/lxl/Documents/apache-maven-3.3.1/bin:/Library/Java/JavaVirtualMachines/jdk1.8.0_111.jdk/Contents/Home/bin:/Users/lxl/Documents/apache-tomcat-6.0.30/bin:/Users/lxl/.composer/vendor/bin:/Applications/MAMP/Library/bin/:/Users/lxl/Documents/db/mongodb/bin:/Users/lxl/Library/Android/sdk/tools:/Users/lxl/Library/Android/sdk/platform-tools:/Users/lxl/.gradle/wrapper/dists/gradle-2.14.1-all/8bnwg5hd3w55iofp58khbp6yv/gradle-2.14.1/bin:/Users/lxl/Documents/apache-maven-3.3.1/bin:/Library/Java/JavaVirtualMachines/jdk1.8.0_111.jdk/Contents/Home/bin:/Users/lxl/Documents/apache-tomcat-6.0.30/bin:/Users/lxl/.composer/vendor/bin:/Applications/MAMP/Library/bin/

Yarn version: 
  1.13.0

Node version: 
  10.15.0

Platform: 
  darwin x64

Trace: 
  Error: ENOENT: no such file or directory, copyfile '/Users/lxl/Library/Caches/Yarn/v4/npm-ms-2.1.1-30a5864eb3ebb0a66f2ebe6d727af06a09d86e0a/node_modules/ms/index.js' -> '/Users/lxl/Documents/taro/project/Miai/node_modules/@babel/traverse/node_modules/ms/index.js'

npm manifest: 
  {
    "name": "Miai",
    "version": "1.0.0",
    "private": true,
    "description": "Miai",
    "main": "index.js",
    "scripts": {
      "build:weapp": "taro build --type weapp",
      "build:swan": "taro build --type swan",
      "build:alipay": "taro build --type alipay",
      "build:tt": "taro build --type tt",
      "build:h5": "taro build --type h5",
      "build:rn": "taro build --type rn",
      "dev:weapp": "npm run build:weapp -- --watch",
      "dev:swan": "npm run build:swan -- --watch",
      "dev:alipay": "npm run build:alipay -- --watch",
      "dev:tt": "npm run build:tt -- --watch",
      "dev:h5": "npm run build:h5 -- --watch",
      "dev:rn": "npm run build:rn -- --watch"
    },
    "author": "",
    "license": "MIT",
    "dependencies": {
      "@tarojs/components": "1.2.7",
      "@tarojs/mobx": "^1.2.7",
      "@tarojs/mobx-h5": "^1.2.7",
      "@tarojs/mobx-rn": "^1.2.7",
      "@tarojs/rn-runner": "1.2.7",
      "@tarojs/router": "1.2.7",
      "@tarojs/taro": "1.2.7",
      "@tarojs/taro-alipay": "1.2.7",
      "@tarojs/taro-h5": "1.2.7",
      "@tarojs/taro-swan": "1.2.7",
      "@tarojs/taro-tt": "1.2.7",
      "@tarojs/taro-weapp": "1.2.7",
      "mobx": "^4.8.0",
      "nerv-devtools": "^1.3.9",
      "nervjs": "^1.3.9"
    },
    "devDependencies": {
      "@tarojs/plugin-babel": "1.2.7",
      "@tarojs/plugin-csso": "1.2.7",
      "@tarojs/plugin-less": "1.2.7",
      "@tarojs/plugin-sass": "1.2.7",
      "@tarojs/plugin-uglifyjs": "1.2.7",
      "@tarojs/webpack-runner": "1.2.7",
      "@types/react": "16.3.14",
      "@types/webpack-env": "^1.13.6",
      "babel-eslint": "^8.2.3",
      "babel-plugin-transform-class-properties": "^6.24.1",
      "babel-plugin-transform-decorators-legacy": "^1.3.4",
      "babel-plugin-transform-jsx-stylesheet": "^0.6.5",
      "babel-plugin-transform-object-rest-spread": "^6.26.0",
      "babel-preset-env": "^1.6.1",
      "eslint": "^4.19.1",
      "eslint-config-taro": "1.2.7",
      "eslint-plugin-import": "^2.12.0",
      "eslint-plugin-react": "^7.8.2",
      "eslint-plugin-taro": "1.2.7",
      "node-sass": "^4.11.0"
    }
  }

yarn manifest: 
  No manifest

Lockfile: 
  No lockfile
